<?xml version="1.0" encoding="UTF-8"?>
<!-- Generated by org.testng.reporters.JUnitXMLReporter -->
<testsuite ignored="1" hostname="MCTS-BLR-2104" failures="0" tests="2" name="Default test" time="16.97" errors="0" timestamp="2024-03-11T11:52:56 IST">
  <testcase classname="com.netset.testcases.loginNetsetGo" name="loginApp" time="0.364"/>
  <testcase classname="com.netset.testcases.loginNetsetGo" name="deviceCreation" time="0.512"/>
  <testcase classname="com.netset.pages.baseClass" name="@BeforeSuite setUpSuite" time="0.0">
    <ignored/>
  </testcase> <!-- @BeforeSuite setUpSuite -->
</testsuite> <!-- Default test -->
