<?xml version="1.0" encoding="UTF-8"?>
<testng-results ignored="0" total="2" passed="2" failed="0" skipped="0">
  <reporter-output>
  </reporter-output>
  <suite started-at="2024-03-11T11:52:39 IST" name="Default suite" finished-at="2024-03-11T11:52:56 IST" duration-ms="16970">
    <groups>
    </groups>
    <test started-at="2024-03-11T11:52:39 IST" name="Default test" finished-at="2024-03-11T11:52:56 IST" duration-ms="16970">
      <class name="com.netset.testcases.loginNetsetGo">
        <test-method is-config="true" signature="setUpSuite()[pri:0, instance:com.netset.testcases.loginNetsetGo@3d2ee678]" started-at="2024-03-11T11:52:38 IST" name="setUpSuite" finished-at="2024-03-11T11:52:39 IST" duration-ms="856" status="PASS">
          <reporter-output>
          </reporter-output>
        </test-method> <!-- setUpSuite -->
        <test-method is-config="true" signature="startup()[pri:0, instance:com.netset.testcases.loginNetsetGo@3d2ee678]" started-at="2024-03-11T11:52:39 IST" name="startup" finished-at="2024-03-11T11:52:49 IST" duration-ms="10273" status="PASS">
          <reporter-output>
          </reporter-output>
        </test-method> <!-- startup -->
        <test-method signature="loginApp()[pri:0, instance:com.netset.testcases.loginNetsetGo@3d2ee678]" started-at="2024-03-11T11:52:49 IST" name="loginApp" finished-at="2024-03-11T11:52:50 IST" duration-ms="364" status="PASS">
          <reporter-output>
          </reporter-output>
        </test-method> <!-- loginApp -->
        <test-method is-config="true" signature="tearDown(org.testng.ITestResult)[pri:0, instance:com.netset.testcases.loginNetsetGo@3d2ee678]" started-at="2024-03-11T11:52:50 IST" name="tearDown" finished-at="2024-03-11T11:52:50 IST" duration-ms="541" status="PASS">
          <params>
            <param index="0">
              <value>
                <![CDATA[[TestResult name=loginApp status=SUCCESS method=loginNetsetGo.loginApp()[pri:0, instance:com.netset.testcases.loginNetsetGo@3d2ee678] output={null}]]]>
              </value>
            </param>
          </params>
          <reporter-output>
          </reporter-output>
        </test-method> <!-- tearDown -->
        <test-method signature="deviceCreation()[pri:0, instance:com.netset.testcases.loginNetsetGo@3d2ee678]" started-at="2024-03-11T11:52:50 IST" name="deviceCreation" finished-at="2024-03-11T11:52:51 IST" depends-on-methods="com.netset.testcases.loginNetsetGo.loginApp" duration-ms="512" status="PASS">
          <reporter-output>
          </reporter-output>
        </test-method> <!-- deviceCreation -->
        <test-method is-config="true" signature="tearDown(org.testng.ITestResult)[pri:0, instance:com.netset.testcases.loginNetsetGo@3d2ee678]" started-at="2024-03-11T11:52:51 IST" name="tearDown" finished-at="2024-03-11T11:52:51 IST" duration-ms="17" status="PASS">
          <params>
            <param index="0">
              <value>
                <![CDATA[[TestResult name=deviceCreation status=SUCCESS method=loginNetsetGo.deviceCreation()[pri:0, instance:com.netset.testcases.loginNetsetGo@3d2ee678] output={null}]]]>
              </value>
            </param>
          </params>
          <reporter-output>
          </reporter-output>
        </test-method> <!-- tearDown -->
        <test-method is-config="true" signature="exit()[pri:0, instance:com.netset.testcases.loginNetsetGo@3d2ee678]" started-at="2024-03-11T11:52:51 IST" name="exit" finished-at="2024-03-11T11:52:56 IST" duration-ms="5208" status="PASS">
          <reporter-output>
          </reporter-output>
        </test-method> <!-- exit -->
      </class> <!-- com.netset.testcases.loginNetsetGo -->
    </test> <!-- Default test -->
  </suite> <!-- Default suite -->
</testng-results>
